<?xml version="1.0" encoding="UTF-8"?>
<testsuite xmlns:xsi="http://www.w3.org/2001/XMLSchema-instance" xsi:noNamespaceSchemaLocation="https://maven.apache.org/surefire/maven-surefire-plugin/xsd/surefire-test-report.xsd" name="mylib.datastructures.SLLTest" time="0.001" tests="22" errors="0" skipped="0" failures="0">
  <properties>
[...]
</properties>
  <testcase name="testSortAtEmptyList" classname="mylib.datastructures.SLLTest" time="0"/>
  <testcase name="testDeleteTailAtSingleItemList" classname="mylib.datastructures.SLLTest" time="0"/>
  <testcase name="testClear" classname="mylib.datastructures.SLLTest" time="0"/>
  <testcase name="testSort" classname="mylib.datastructures.SLLTest" time="0"/>
  <testcase name="testDeleteAtEmptyList" classname="mylib.datastructures.SLLTest" time="0"/>
  <testcase name="testSortedInsertAtEmptyList" classname="mylib.datastructures.SLLTest" time="0"/>
  <testcase name="testInsertHead" classname="mylib.datastructures.SLLTest" time="0"/>
  <testcase name="testInsertTail" classname="mylib.datastructures.SLLTest" time="0"/>
  <testcase name="testDeleteHead" classname="mylib.datastructures.SLLTest" time="0"/>
  <testcase name="testDeleteTail" classname="mylib.datastructures.SLLTest" time="0"/>
  <testcase name="testInsertAtInvalidPosition" classname="mylib.datastructures.SLLTest" time="0"/>
  <testcase name="testInsertAtEmptyList" classname="mylib.datastructures.SLLTest" time="0"/>
  <testcase name="testDeleteHeadAtSingleItemList" classname="mylib.datastructures.SLLTest" time="0"/>
  <testcase name="testDelete" classname="mylib.datastructures.SLLTest" time="0"/>
  <testcase name="testInsert" classname="mylib.datastructures.SLLTest" time="0"/>
  <testcase name="isSortedFalseTest" classname="mylib.datastructures.SLLTest" time="0"/>
  <testcase name="testSortedInsert" classname="mylib.datastructures.SLLTest" time="0"/>
  <testcase name="testSearch" classname="mylib.datastructures.SLLTest" time="0"/>
  <testcase name="testSortedInsertAtHead" classname="mylib.datastructures.SLLTest" time="0"/>
  <testcase name="testSortedInsertAtTail" classname="mylib.datastructures.SLLTest" time="0"/>
  <testcase name="testClearAtEmptyList" classname="mylib.datastructures.SLLTest" time="0"/>
  <testcase name="testStringList" classname="mylib.datastructures.SLLTest" time="0"/>
</testsuite>