<?xml version="1.0" encoding="UTF-8"?>
<testsuite xmlns:xsi="http://www.w3.org/2001/XMLSchema-instance" xsi:noNamespaceSchemaLocation="https://maven.apache.org/surefire/maven-surefire-plugin/xsd/surefire-test-report.xsd" name="mylib.datastructures.BSTTest" time="0.004" tests="18" errors="0" skipped="0" failures="0">
  <properties>
[...]
</properties>
  <testcase name="testInsertAndSearch" classname="mylib.datastructures.BSTTest" time="0"/>
  <testcase name="testPrintInOrderEmptyTree" classname="mylib.datastructures.BSTTest" time="0"/>
  <testcase name="testInsertAndDeleteRootNode" classname="mylib.datastructures.BSTTest" time="0"/>
  <testcase name="testPrintInOrder" classname="mylib.datastructures.BSTTest" time="0"/>
  <testcase name="testInsertDuplicateValues" classname="mylib.datastructures.BSTTest" time="0"/>
  <testcase name="testPrintBF" classname="mylib.datastructures.BSTTest" time="0"/>
  <testcase name="testIfRootCreationIsSuccessfull" classname="mylib.datastructures.BSTTest" time="0"/>
  <testcase name="testInsertAndGetRoot" classname="mylib.datastructures.BSTTest" time="0"/>
  <testcase name="testInsertAndDeleteAll" classname="mylib.datastructures.BSTTest" time="0"/>
  <testcase name="testInsertion" classname="mylib.datastructures.BSTTest" time="0"/>
  <testcase name="testDeleteBoundaries" classname="mylib.datastructures.BSTTest" time="0"/>
  <testcase name="testInsertAndDeleteSingleNode" classname="mylib.datastructures.BSTTest" time="0"/>
  <testcase name="testDelete" classname="mylib.datastructures.BSTTest" time="0"/>
  <testcase name="testPrintBFEmptyTree" classname="mylib.datastructures.BSTTest" time="0"/>
  <testcase name="testSearch" classname="mylib.datastructures.BSTTest" time="0"/>
  <testcase name="testInsertAndSearchMinMaxValues" classname="mylib.datastructures.BSTTest" time="0"/>
  <testcase name="testEmptyBST" classname="mylib.datastructures.BSTTest" time="0"/>
  <testcase name="testConstructor" classname="mylib.datastructures.BSTTest" time="0"/>
</testsuite>